<?xml version="1.0" encoding="UTF-8"?>
<testsuite name="CalculadorCombustibleTest" tests="3" skipped="0" failures="0" errors="0" timestamp="2024-07-26T14:02:01" hostname="GENAPC" time="0.022">
  <properties/>
  <testcase name="TestCalcularCombustibleAvionComercialDeberiaDar1000()" classname="CalculadorCombustibleTest" time="0.003"/>
  <testcase name="TestGetInstanceDeberiaDarInstancia()" classname="CalculadorCombustibleTest" time="0.004"/>
  <testcase name="TestCalcularCombustibleAvionPrivadoDeberiaDar5050()" classname="CalculadorCombustibleTest" time="0.007"/>
  <system-out><![CDATA[]]></system-out>
  <system-err><![CDATA[]]></system-err>
</testsuite>
