<?xml version="1.0" encoding="UTF-8"?>
<testsuite name="AvionTest" tests="2" skipped="0" failures="0" errors="0" timestamp="2024-07-26T14:02:01" hostname="GENAPC" time="0.011">
  <properties/>
  <testcase name="TestGetCapacidadCombustibleDeberiADar100()" classname="AvionTest" time="0.001"/>
  <testcase name="TestGetConsumoCombustibleDeberiADar10()" classname="AvionTest" time="0.005"/>
  <system-out><![CDATA[]]></system-out>
  <system-err><![CDATA[]]></system-err>
</testsuite>
